Build started 07/04/2013 10:52:17 PM.
     1>Project "C:\cocos2d-2.1beta3-x-2.1.1\HumberPhysicsGame\proj.win32\HumberPhysicsGame.win32.vcxproj" on node 2 (build target(s)).
     1>InitializeBuildStatus:
         Creating "Debug.win32\HumberPhysicsGame.win32.unsuccessfulbuild" because "AlwaysCreate" was specified.
       ClCompile:
         c:\Program Files (x86)\Microsoft Visual Studio 10.0\VC\bin\CL.exe /c /I. /I..\Classes /I"C:\cocos2d-2.1beta3-x-2.1.1\cocos2dx" /I"C:\cocos2d-2.1beta3-x-2.1.1\cocos2dx\include" /I"C:\cocos2d-2.1beta3-x-2.1.1\cocos2dx\kazmath\include" /I"C:\cocos2d-2.1beta3-x-2.1.1\cocos2dx\platform\win32" /I"C:\cocos2d-2.1beta3-x-2.1.1\cocos2dx\platform\third_party\win32" /I"C:\cocos2d-2.1beta3-x-2.1.1\cocos2dx\platform\third_party\win32\OGLES" /I"C:\cocos2d-2.1beta3-x-2.1.1\external" /I"C:\cocos2d-2.1beta3-x-2.1.1\CocosDenshion\include" /ZI /nologo /W3 /WX- /Od /Oy- /D WIN32 /D _WINDOWS /D STRICT /D _CRT_SECURE_NO_WARNINGS /D _SCL_SECURE_NO_WARNINGS_DEBUG /D COCOS2D_DEBUG=1 /D _UNICODE /D UNICODE /Gm /EHsc /RTC1 /MDd /GS /fp:precise /Zc:wchar_t /Zc:forScope /Fo"Debug.win32\\" /Fd"Debug.win32\vc100.pdb" /Gd /TP /wd4267 /wd4251 /wd4244 /analyze- /errorReport:prompt ..\Classes\AppDelegate.cpp ..\Classes\BouyancyContactListener.cpp ..\Classes\GameObject.cpp ..\Classes\GameScene.cpp ..\Classes\GameWorld.cpp ..\Classes\Globals.cpp
         GameWorld.cpp
     1>c:\cocos2d-2.1beta3-x-2.1.1\humberphysicsgame\classes\gameworld.cpp(18): error C2660: 'BouyancyContactListener::setWorld' : function does not take 2 arguments
     1>c:\cocos2d-2.1beta3-x-2.1.1\humberphysicsgame\classes\gameworld.cpp(117): warning C4305: 'argument' : truncation from 'double' to 'float'
     1>c:\cocos2d-2.1beta3-x-2.1.1\humberphysicsgame\classes\gameworld.cpp(117): warning C4305: 'argument' : truncation from 'double' to 'float'
     1>c:\cocos2d-2.1beta3-x-2.1.1\humberphysicsgame\classes\gameworld.cpp(120): error C2039: 'SHAPE_PLIST' : is not a member of 'GameObject'
                 c:\cocos2d-2.1beta3-x-2.1.1\humberphysicsgame\classes\gameobject.h(22) : see declaration of 'GameObject'
     1>c:\cocos2d-2.1beta3-x-2.1.1\humberphysicsgame\classes\gameworld.cpp(120): error C2065: 'SHAPE_PLIST' : undeclared identifier
     1>c:\cocos2d-2.1beta3-x-2.1.1\humberphysicsgame\classes\gameworld.cpp(125): error C2039: 'SHAPE_PLIST' : is not a member of 'GameObject'
                 c:\cocos2d-2.1beta3-x-2.1.1\humberphysicsgame\classes\gameobject.h(22) : see declaration of 'GameObject'
     1>c:\cocos2d-2.1beta3-x-2.1.1\humberphysicsgame\classes\gameworld.cpp(125): error C2065: 'SHAPE_PLIST' : undeclared identifier
     1>c:\cocos2d-2.1beta3-x-2.1.1\humberphysicsgame\classes\gameworld.cpp(130): error C2039: 'SHAPE_PLIST' : is not a member of 'GameObject'
                 c:\cocos2d-2.1beta3-x-2.1.1\humberphysicsgame\classes\gameobject.h(22) : see declaration of 'GameObject'
     1>c:\cocos2d-2.1beta3-x-2.1.1\humberphysicsgame\classes\gameworld.cpp(130): error C2065: 'SHAPE_PLIST' : undeclared identifier
     1>c:\cocos2d-2.1beta3-x-2.1.1\humberphysicsgame\classes\gameworld.cpp(143): error C2039: 'SHAPE_PLIST' : is not a member of 'GameObject'
                 c:\cocos2d-2.1beta3-x-2.1.1\humberphysicsgame\classes\gameobject.h(22) : see declaration of 'GameObject'
     1>c:\cocos2d-2.1beta3-x-2.1.1\humberphysicsgame\classes\gameworld.cpp(143): error C2065: 'SHAPE_PLIST' : undeclared identifier
         GameScene.cpp
     1>c:\cocos2d-2.1beta3-x-2.1.1\humberphysicsgame\classes\gamescene.cpp(34): warning C4305: 'argument' : truncation from 'double' to 'float32'
         GameObject.cpp
     1>c:\cocos2d-2.1beta3-x-2.1.1\humberphysicsgame\classes\gameobject.cpp(14): error C2110: '+' : cannot add two pointers
     1>c:\cocos2d-2.1beta3-x-2.1.1\humberphysicsgame\classes\gameobject.cpp(14): error C2228: left of '.c_str' must have class/struct/union
     1>c:\cocos2d-2.1beta3-x-2.1.1\humberphysicsgame\classes\gameobject.cpp(22): error C2511: 'void GameObject::physicsInit(b2World *,GameObject::shapeType,GameObject::bodyType,char *)' : overloaded member function not found in 'GameObject'
                 c:\cocos2d-2.1beta3-x-2.1.1\humberphysicsgame\classes\gameobject.h(22) : see declaration of 'GameObject'
         Generating Code...
         Compiling...
         AppDelegate.cpp
         Generating Code...
         Skipping... (no relevant changes detected)
         Globals.cpp
         BouyancyContactListener.cpp
     1>Done Building Project "C:\cocos2d-2.1beta3-x-2.1.1\HumberPhysicsGame\proj.win32\HumberPhysicsGame.win32.vcxproj" (build target(s)) -- FAILED.

Build FAILED.

Time Elapsed 00:00:06.79
