C:\COCOS2D-2.1BETA3-X-2.1.1\DEBUG.WIN32\HUMBERPHYSICSGAME.WIN32.EXE
C:\COCOS2D-2.1BETA3-X-2.1.1\DEBUG.WIN32\HUMBERPHYSICSGAME.WIN32.ILK
C:\COCOS2D-2.1BETA3-X-2.1.1\DEBUG.WIN32\HUMBERPHYSICSGAME.WIN32.PDB
C:\COCOS2D-2.1BETA3-X-2.1.1\HUMBERPHYSICSGAME\PROJ.WIN32\DEBUG.WIN32\APPDELEGATE.OBJ
C:\COCOS2D-2.1BETA3-X-2.1.1\HUMBERPHYSICSGAME\PROJ.WIN32\DEBUG.WIN32\B2DEBUGDRAW.OBJ
C:\COCOS2D-2.1BETA3-X-2.1.1\HUMBERPHYSICSGAME\PROJ.WIN32\DEBUG.WIN32\BAR.OBJ
C:\COCOS2D-2.1BETA3-X-2.1.1\HUMBERPHYSICSGAME\PROJ.WIN32\DEBUG.WIN32\BOUYANCYCONTACTLISTENER.OBJ
C:\COCOS2D-2.1BETA3-X-2.1.1\HUMBERPHYSICSGAME\PROJ.WIN32\DEBUG.WIN32\CAMERA.OBJ
C:\cocos2d-2.1beta3-x-2.1.1\HumberPhysicsGame\proj.win32\Debug.win32\cl.command.1.tlog
C:\cocos2d-2.1beta3-x-2.1.1\HumberPhysicsGame\proj.win32\Debug.win32\CL.read.1.tlog
C:\cocos2d-2.1beta3-x-2.1.1\HumberPhysicsGame\proj.win32\Debug.win32\CL.write.1.tlog
C:\COCOS2D-2.1BETA3-X-2.1.1\HUMBERPHYSICSGAME\PROJ.WIN32\DEBUG.WIN32\DATBUTTON.OBJ
C:\COCOS2D-2.1BETA3-X-2.1.1\HUMBERPHYSICSGAME\PROJ.WIN32\DEBUG.WIN32\DATLABEL.OBJ
C:\COCOS2D-2.1BETA3-X-2.1.1\HUMBERPHYSICSGAME\PROJ.WIN32\DEBUG.WIN32\GAMEOBJECT.OBJ
C:\COCOS2D-2.1BETA3-X-2.1.1\HUMBERPHYSICSGAME\PROJ.WIN32\DEBUG.WIN32\GAMESCENE.OBJ
C:\COCOS2D-2.1BETA3-X-2.1.1\HUMBERPHYSICSGAME\PROJ.WIN32\DEBUG.WIN32\GAMEWORLD.OBJ
C:\COCOS2D-2.1BETA3-X-2.1.1\HUMBERPHYSICSGAME\PROJ.WIN32\DEBUG.WIN32\GB2SHAPECACHE-X.OBJ
C:\COCOS2D-2.1BETA3-X-2.1.1\HUMBERPHYSICSGAME\PROJ.WIN32\DEBUG.WIN32\GLOBALS.OBJ
C:\cocos2d-2.1beta3-x-2.1.1\HumberPhysicsGame\proj.win32\Debug.win32\HelloWorldScene.obj
C:\COCOS2D-2.1BETA3-X-2.1.1\HUMBERPHYSICSGAME\PROJ.WIN32\DEBUG.WIN32\HUD.OBJ
C:\COCOS2D-2.1BETA3-X-2.1.1\HUMBERPHYSICSGAME\PROJ.WIN32\DEBUG.WIN32\HUMBERPHYSICSGAME.RES
C:\COCOS2D-2.1BETA3-X-2.1.1\HUMBERPHYSICSGAME\PROJ.WIN32\DEBUG.WIN32\HUMBERPHYSICSGAME.WIN32.EXE.EMBED.MANIFEST
C:\COCOS2D-2.1BETA3-X-2.1.1\HUMBERPHYSICSGAME\PROJ.WIN32\DEBUG.WIN32\HUMBERPHYSICSGAME.WIN32.EXE.EMBED.MANIFEST.RES
C:\COCOS2D-2.1BETA3-X-2.1.1\HUMBERPHYSICSGAME\PROJ.WIN32\DEBUG.WIN32\HUMBERPHYSICSGAME.WIN32.EXE.INTERMEDIATE.MANIFEST
C:\cocos2d-2.1beta3-x-2.1.1\HumberPhysicsGame\proj.win32\Debug.win32\HumberPhysicsGame.win32.write.1.tlog
C:\cocos2d-2.1beta3-x-2.1.1\HumberPhysicsGame\proj.win32\Debug.win32\HumberPhysicsGame.win32_manifest.rc
C:\cocos2d-2.1beta3-x-2.1.1\HumberPhysicsGame\proj.win32\Debug.win32\link.10056.read.1.tlog
C:\cocos2d-2.1beta3-x-2.1.1\HumberPhysicsGame\proj.win32\Debug.win32\link.10056.write.1.tlog
C:\cocos2d-2.1beta3-x-2.1.1\HumberPhysicsGame\proj.win32\Debug.win32\link.10056-cvtres.read.1.tlog
C:\cocos2d-2.1beta3-x-2.1.1\HumberPhysicsGame\proj.win32\Debug.win32\link.10056-cvtres.write.1.tlog
C:\cocos2d-2.1beta3-x-2.1.1\HumberPhysicsGame\proj.win32\Debug.win32\link.10112.read.1.tlog
C:\cocos2d-2.1beta3-x-2.1.1\HumberPhysicsGame\proj.win32\Debug.win32\link.10112.write.1.tlog
C:\cocos2d-2.1beta3-x-2.1.1\HumberPhysicsGame\proj.win32\Debug.win32\link.10112-cvtres.read.1.tlog
C:\cocos2d-2.1beta3-x-2.1.1\HumberPhysicsGame\proj.win32\Debug.win32\link.10112-cvtres.write.1.tlog
C:\cocos2d-2.1beta3-x-2.1.1\HumberPhysicsGame\proj.win32\Debug.win32\link.10180.read.1.tlog
C:\cocos2d-2.1beta3-x-2.1.1\HumberPhysicsGame\proj.win32\Debug.win32\link.10180.write.1.tlog
C:\cocos2d-2.1beta3-x-2.1.1\HumberPhysicsGame\proj.win32\Debug.win32\link.10180-cvtres.read.1.tlog
C:\cocos2d-2.1beta3-x-2.1.1\HumberPhysicsGame\proj.win32\Debug.win32\link.10180-cvtres.write.1.tlog
C:\cocos2d-2.1beta3-x-2.1.1\HumberPhysicsGame\proj.win32\Debug.win32\link.10184.read.1.tlog
C:\cocos2d-2.1beta3-x-2.1.1\HumberPhysicsGame\proj.win32\Debug.win32\link.10184.write.1.tlog
C:\cocos2d-2.1beta3-x-2.1.1\HumberPhysicsGame\proj.win32\Debug.win32\link.10184-cvtres.read.1.tlog
C:\cocos2d-2.1beta3-x-2.1.1\HumberPhysicsGame\proj.win32\Debug.win32\link.10184-cvtres.write.1.tlog
C:\cocos2d-2.1beta3-x-2.1.1\HumberPhysicsGame\proj.win32\Debug.win32\link.1152.read.1.tlog
C:\cocos2d-2.1beta3-x-2.1.1\HumberPhysicsGame\proj.win32\Debug.win32\link.1152.write.1.tlog
C:\cocos2d-2.1beta3-x-2.1.1\HumberPhysicsGame\proj.win32\Debug.win32\link.1152-cvtres.read.1.tlog
C:\cocos2d-2.1beta3-x-2.1.1\HumberPhysicsGame\proj.win32\Debug.win32\link.1152-cvtres.write.1.tlog
C:\cocos2d-2.1beta3-x-2.1.1\HumberPhysicsGame\proj.win32\Debug.win32\link.1272.read.1.tlog
C:\cocos2d-2.1beta3-x-2.1.1\HumberPhysicsGame\proj.win32\Debug.win32\link.1272.write.1.tlog
C:\cocos2d-2.1beta3-x-2.1.1\HumberPhysicsGame\proj.win32\Debug.win32\link.1272-cvtres.read.1.tlog
C:\cocos2d-2.1beta3-x-2.1.1\HumberPhysicsGame\proj.win32\Debug.win32\link.1272-cvtres.write.1.tlog
C:\cocos2d-2.1beta3-x-2.1.1\HumberPhysicsGame\proj.win32\Debug.win32\link.1568.read.1.tlog
C:\cocos2d-2.1beta3-x-2.1.1\HumberPhysicsGame\proj.win32\Debug.win32\link.1568.write.1.tlog
C:\cocos2d-2.1beta3-x-2.1.1\HumberPhysicsGame\proj.win32\Debug.win32\link.1568-cvtres.read.1.tlog
C:\cocos2d-2.1beta3-x-2.1.1\HumberPhysicsGame\proj.win32\Debug.win32\link.1568-cvtres.write.1.tlog
C:\cocos2d-2.1beta3-x-2.1.1\HumberPhysicsGame\proj.win32\Debug.win32\link.24452.read.1.tlog
C:\cocos2d-2.1beta3-x-2.1.1\HumberPhysicsGame\proj.win32\Debug.win32\link.24452.write.1.tlog
C:\cocos2d-2.1beta3-x-2.1.1\HumberPhysicsGame\proj.win32\Debug.win32\link.24452-cvtres.read.1.tlog
C:\cocos2d-2.1beta3-x-2.1.1\HumberPhysicsGame\proj.win32\Debug.win32\link.24452-cvtres.write.1.tlog
C:\cocos2d-2.1beta3-x-2.1.1\HumberPhysicsGame\proj.win32\Debug.win32\link.2840.read.1.tlog
C:\cocos2d-2.1beta3-x-2.1.1\HumberPhysicsGame\proj.win32\Debug.win32\link.2840.write.1.tlog
C:\cocos2d-2.1beta3-x-2.1.1\HumberPhysicsGame\proj.win32\Debug.win32\link.2840-cvtres.read.1.tlog
C:\cocos2d-2.1beta3-x-2.1.1\HumberPhysicsGame\proj.win32\Debug.win32\link.2840-cvtres.write.1.tlog
C:\cocos2d-2.1beta3-x-2.1.1\HumberPhysicsGame\proj.win32\Debug.win32\link.2976.read.1.tlog
C:\cocos2d-2.1beta3-x-2.1.1\HumberPhysicsGame\proj.win32\Debug.win32\link.2976.write.1.tlog
C:\cocos2d-2.1beta3-x-2.1.1\HumberPhysicsGame\proj.win32\Debug.win32\link.2976-cvtres.read.1.tlog
C:\cocos2d-2.1beta3-x-2.1.1\HumberPhysicsGame\proj.win32\Debug.win32\link.2976-cvtres.write.1.tlog
C:\cocos2d-2.1beta3-x-2.1.1\HumberPhysicsGame\proj.win32\Debug.win32\link.3056.read.1.tlog
C:\cocos2d-2.1beta3-x-2.1.1\HumberPhysicsGame\proj.win32\Debug.win32\link.3056.write.1.tlog
C:\cocos2d-2.1beta3-x-2.1.1\HumberPhysicsGame\proj.win32\Debug.win32\link.3056-cvtres.read.1.tlog
C:\cocos2d-2.1beta3-x-2.1.1\HumberPhysicsGame\proj.win32\Debug.win32\link.3056-cvtres.write.1.tlog
C:\cocos2d-2.1beta3-x-2.1.1\HumberPhysicsGame\proj.win32\Debug.win32\link.3096.read.1.tlog
C:\cocos2d-2.1beta3-x-2.1.1\HumberPhysicsGame\proj.win32\Debug.win32\link.3096.write.1.tlog
C:\cocos2d-2.1beta3-x-2.1.1\HumberPhysicsGame\proj.win32\Debug.win32\link.3096-cvtres.read.1.tlog
C:\cocos2d-2.1beta3-x-2.1.1\HumberPhysicsGame\proj.win32\Debug.win32\link.3096-cvtres.write.1.tlog
C:\cocos2d-2.1beta3-x-2.1.1\HumberPhysicsGame\proj.win32\Debug.win32\link.3148.read.1.tlog
C:\cocos2d-2.1beta3-x-2.1.1\HumberPhysicsGame\proj.win32\Debug.win32\link.3148.write.1.tlog
C:\cocos2d-2.1beta3-x-2.1.1\HumberPhysicsGame\proj.win32\Debug.win32\link.3148-cvtres.read.1.tlog
C:\cocos2d-2.1beta3-x-2.1.1\HumberPhysicsGame\proj.win32\Debug.win32\link.3148-cvtres.write.1.tlog
C:\cocos2d-2.1beta3-x-2.1.1\HumberPhysicsGame\proj.win32\Debug.win32\link.3564.read.1.tlog
C:\cocos2d-2.1beta3-x-2.1.1\HumberPhysicsGame\proj.win32\Debug.win32\link.3564.write.1.tlog
C:\cocos2d-2.1beta3-x-2.1.1\HumberPhysicsGame\proj.win32\Debug.win32\link.3564-cvtres.read.1.tlog
C:\cocos2d-2.1beta3-x-2.1.1\HumberPhysicsGame\proj.win32\Debug.win32\link.3564-cvtres.write.1.tlog
C:\cocos2d-2.1beta3-x-2.1.1\HumberPhysicsGame\proj.win32\Debug.win32\link.3584.read.1.tlog
C:\cocos2d-2.1beta3-x-2.1.1\HumberPhysicsGame\proj.win32\Debug.win32\link.3584.write.1.tlog
C:\cocos2d-2.1beta3-x-2.1.1\HumberPhysicsGame\proj.win32\Debug.win32\link.3584-cvtres.read.1.tlog
C:\cocos2d-2.1beta3-x-2.1.1\HumberPhysicsGame\proj.win32\Debug.win32\link.3584-cvtres.write.1.tlog
C:\cocos2d-2.1beta3-x-2.1.1\HumberPhysicsGame\proj.win32\Debug.win32\link.3684.read.1.tlog
C:\cocos2d-2.1beta3-x-2.1.1\HumberPhysicsGame\proj.win32\Debug.win32\link.3684.write.1.tlog
C:\cocos2d-2.1beta3-x-2.1.1\HumberPhysicsGame\proj.win32\Debug.win32\link.3684-cvtres.read.1.tlog
C:\cocos2d-2.1beta3-x-2.1.1\HumberPhysicsGame\proj.win32\Debug.win32\link.3684-cvtres.write.1.tlog
C:\cocos2d-2.1beta3-x-2.1.1\HumberPhysicsGame\proj.win32\Debug.win32\link.3732.read.1.tlog
C:\cocos2d-2.1beta3-x-2.1.1\HumberPhysicsGame\proj.win32\Debug.win32\link.3732.write.1.tlog
C:\cocos2d-2.1beta3-x-2.1.1\HumberPhysicsGame\proj.win32\Debug.win32\link.3732-cvtres.read.1.tlog
C:\cocos2d-2.1beta3-x-2.1.1\HumberPhysicsGame\proj.win32\Debug.win32\link.3732-cvtres.write.1.tlog
C:\cocos2d-2.1beta3-x-2.1.1\HumberPhysicsGame\proj.win32\Debug.win32\link.3800.read.1.tlog
C:\cocos2d-2.1beta3-x-2.1.1\HumberPhysicsGame\proj.win32\Debug.win32\link.3800.write.1.tlog
C:\cocos2d-2.1beta3-x-2.1.1\HumberPhysicsGame\proj.win32\Debug.win32\link.3800-cvtres.read.1.tlog
C:\cocos2d-2.1beta3-x-2.1.1\HumberPhysicsGame\proj.win32\Debug.win32\link.3800-cvtres.write.1.tlog
C:\cocos2d-2.1beta3-x-2.1.1\HumberPhysicsGame\proj.win32\Debug.win32\link.388.read.1.tlog
C:\cocos2d-2.1beta3-x-2.1.1\HumberPhysicsGame\proj.win32\Debug.win32\link.388.write.1.tlog
C:\cocos2d-2.1beta3-x-2.1.1\HumberPhysicsGame\proj.win32\Debug.win32\link.388-cvtres.read.1.tlog
C:\cocos2d-2.1beta3-x-2.1.1\HumberPhysicsGame\proj.win32\Debug.win32\link.388-cvtres.write.1.tlog
C:\cocos2d-2.1beta3-x-2.1.1\HumberPhysicsGame\proj.win32\Debug.win32\link.3996.read.1.tlog
C:\cocos2d-2.1beta3-x-2.1.1\HumberPhysicsGame\proj.win32\Debug.win32\link.3996.write.1.tlog
C:\cocos2d-2.1beta3-x-2.1.1\HumberPhysicsGame\proj.win32\Debug.win32\link.3996-cvtres.read.1.tlog
C:\cocos2d-2.1beta3-x-2.1.1\HumberPhysicsGame\proj.win32\Debug.win32\link.3996-cvtres.write.1.tlog
C:\cocos2d-2.1beta3-x-2.1.1\HumberPhysicsGame\proj.win32\Debug.win32\link.4244.read.1.tlog
C:\cocos2d-2.1beta3-x-2.1.1\HumberPhysicsGame\proj.win32\Debug.win32\link.4244.write.1.tlog
C:\cocos2d-2.1beta3-x-2.1.1\HumberPhysicsGame\proj.win32\Debug.win32\link.4244-cvtres.read.1.tlog
C:\cocos2d-2.1beta3-x-2.1.1\HumberPhysicsGame\proj.win32\Debug.win32\link.4244-cvtres.write.1.tlog
C:\cocos2d-2.1beta3-x-2.1.1\HumberPhysicsGame\proj.win32\Debug.win32\link.4392.read.1.tlog
C:\cocos2d-2.1beta3-x-2.1.1\HumberPhysicsGame\proj.win32\Debug.win32\link.4392.write.1.tlog
C:\cocos2d-2.1beta3-x-2.1.1\HumberPhysicsGame\proj.win32\Debug.win32\link.4392-cvtres.read.1.tlog
C:\cocos2d-2.1beta3-x-2.1.1\HumberPhysicsGame\proj.win32\Debug.win32\link.4392-cvtres.write.1.tlog
C:\cocos2d-2.1beta3-x-2.1.1\HumberPhysicsGame\proj.win32\Debug.win32\link.4416.read.1.tlog
C:\cocos2d-2.1beta3-x-2.1.1\HumberPhysicsGame\proj.win32\Debug.win32\link.4416.write.1.tlog
C:\cocos2d-2.1beta3-x-2.1.1\HumberPhysicsGame\proj.win32\Debug.win32\link.4416-cvtres.read.1.tlog
C:\cocos2d-2.1beta3-x-2.1.1\HumberPhysicsGame\proj.win32\Debug.win32\link.4416-cvtres.write.1.tlog
C:\cocos2d-2.1beta3-x-2.1.1\HumberPhysicsGame\proj.win32\Debug.win32\link.45452.read.1.tlog
C:\cocos2d-2.1beta3-x-2.1.1\HumberPhysicsGame\proj.win32\Debug.win32\link.45452.write.1.tlog
C:\cocos2d-2.1beta3-x-2.1.1\HumberPhysicsGame\proj.win32\Debug.win32\link.45452-cvtres.read.1.tlog
C:\cocos2d-2.1beta3-x-2.1.1\HumberPhysicsGame\proj.win32\Debug.win32\link.45452-cvtres.write.1.tlog
C:\cocos2d-2.1beta3-x-2.1.1\HumberPhysicsGame\proj.win32\Debug.win32\link.4652.read.1.tlog
C:\cocos2d-2.1beta3-x-2.1.1\HumberPhysicsGame\proj.win32\Debug.win32\link.4652.write.1.tlog
C:\cocos2d-2.1beta3-x-2.1.1\HumberPhysicsGame\proj.win32\Debug.win32\link.4652-cvtres.read.1.tlog
C:\cocos2d-2.1beta3-x-2.1.1\HumberPhysicsGame\proj.win32\Debug.win32\link.4652-cvtres.write.1.tlog
C:\cocos2d-2.1beta3-x-2.1.1\HumberPhysicsGame\proj.win32\Debug.win32\link.4756.read.1.tlog
C:\cocos2d-2.1beta3-x-2.1.1\HumberPhysicsGame\proj.win32\Debug.win32\link.4756.write.1.tlog
C:\cocos2d-2.1beta3-x-2.1.1\HumberPhysicsGame\proj.win32\Debug.win32\link.4756-cvtres.read.1.tlog
C:\cocos2d-2.1beta3-x-2.1.1\HumberPhysicsGame\proj.win32\Debug.win32\link.4756-cvtres.write.1.tlog
C:\cocos2d-2.1beta3-x-2.1.1\HumberPhysicsGame\proj.win32\Debug.win32\link.4804.read.1.tlog
C:\cocos2d-2.1beta3-x-2.1.1\HumberPhysicsGame\proj.win32\Debug.win32\link.4804.write.1.tlog
C:\cocos2d-2.1beta3-x-2.1.1\HumberPhysicsGame\proj.win32\Debug.win32\link.4804-cvtres.read.1.tlog
C:\cocos2d-2.1beta3-x-2.1.1\HumberPhysicsGame\proj.win32\Debug.win32\link.4804-cvtres.write.1.tlog
C:\cocos2d-2.1beta3-x-2.1.1\HumberPhysicsGame\proj.win32\Debug.win32\link.4928.read.1.tlog
C:\cocos2d-2.1beta3-x-2.1.1\HumberPhysicsGame\proj.win32\Debug.win32\link.4928.write.1.tlog
C:\cocos2d-2.1beta3-x-2.1.1\HumberPhysicsGame\proj.win32\Debug.win32\link.4928-cvtres.read.1.tlog
C:\cocos2d-2.1beta3-x-2.1.1\HumberPhysicsGame\proj.win32\Debug.win32\link.4928-cvtres.write.1.tlog
C:\cocos2d-2.1beta3-x-2.1.1\HumberPhysicsGame\proj.win32\Debug.win32\link.5156.read.1.tlog
C:\cocos2d-2.1beta3-x-2.1.1\HumberPhysicsGame\proj.win32\Debug.win32\link.5156.write.1.tlog
C:\cocos2d-2.1beta3-x-2.1.1\HumberPhysicsGame\proj.win32\Debug.win32\link.5156-cvtres.read.1.tlog
C:\cocos2d-2.1beta3-x-2.1.1\HumberPhysicsGame\proj.win32\Debug.win32\link.5156-cvtres.write.1.tlog
C:\cocos2d-2.1beta3-x-2.1.1\HumberPhysicsGame\proj.win32\Debug.win32\link.5248.read.1.tlog
C:\cocos2d-2.1beta3-x-2.1.1\HumberPhysicsGame\proj.win32\Debug.win32\link.5248.write.1.tlog
C:\cocos2d-2.1beta3-x-2.1.1\HumberPhysicsGame\proj.win32\Debug.win32\link.5248-cvtres.read.1.tlog
C:\cocos2d-2.1beta3-x-2.1.1\HumberPhysicsGame\proj.win32\Debug.win32\link.5248-cvtres.write.1.tlog
C:\cocos2d-2.1beta3-x-2.1.1\HumberPhysicsGame\proj.win32\Debug.win32\link.5344.read.1.tlog
C:\cocos2d-2.1beta3-x-2.1.1\HumberPhysicsGame\proj.win32\Debug.win32\link.5344.write.1.tlog
C:\cocos2d-2.1beta3-x-2.1.1\HumberPhysicsGame\proj.win32\Debug.win32\link.5344-cvtres.read.1.tlog
C:\cocos2d-2.1beta3-x-2.1.1\HumberPhysicsGame\proj.win32\Debug.win32\link.5344-cvtres.write.1.tlog
C:\cocos2d-2.1beta3-x-2.1.1\HumberPhysicsGame\proj.win32\Debug.win32\link.5384.read.1.tlog
C:\cocos2d-2.1beta3-x-2.1.1\HumberPhysicsGame\proj.win32\Debug.win32\link.5384.write.1.tlog
C:\cocos2d-2.1beta3-x-2.1.1\HumberPhysicsGame\proj.win32\Debug.win32\link.5384-cvtres.read.1.tlog
C:\cocos2d-2.1beta3-x-2.1.1\HumberPhysicsGame\proj.win32\Debug.win32\link.5384-cvtres.write.1.tlog
C:\cocos2d-2.1beta3-x-2.1.1\HumberPhysicsGame\proj.win32\Debug.win32\link.5400.read.1.tlog
C:\cocos2d-2.1beta3-x-2.1.1\HumberPhysicsGame\proj.win32\Debug.win32\link.5400.write.1.tlog
C:\cocos2d-2.1beta3-x-2.1.1\HumberPhysicsGame\proj.win32\Debug.win32\link.5400-cvtres.read.1.tlog
C:\cocos2d-2.1beta3-x-2.1.1\HumberPhysicsGame\proj.win32\Debug.win32\link.5400-cvtres.write.1.tlog
C:\cocos2d-2.1beta3-x-2.1.1\HumberPhysicsGame\proj.win32\Debug.win32\link.5448.read.1.tlog
C:\cocos2d-2.1beta3-x-2.1.1\HumberPhysicsGame\proj.win32\Debug.win32\link.5448.write.1.tlog
C:\cocos2d-2.1beta3-x-2.1.1\HumberPhysicsGame\proj.win32\Debug.win32\link.5448-cvtres.read.1.tlog
C:\cocos2d-2.1beta3-x-2.1.1\HumberPhysicsGame\proj.win32\Debug.win32\link.5448-cvtres.write.1.tlog
C:\cocos2d-2.1beta3-x-2.1.1\HumberPhysicsGame\proj.win32\Debug.win32\link.5524.read.1.tlog
C:\cocos2d-2.1beta3-x-2.1.1\HumberPhysicsGame\proj.win32\Debug.win32\link.5524.write.1.tlog
C:\cocos2d-2.1beta3-x-2.1.1\HumberPhysicsGame\proj.win32\Debug.win32\link.5524-cvtres.read.1.tlog
C:\cocos2d-2.1beta3-x-2.1.1\HumberPhysicsGame\proj.win32\Debug.win32\link.5524-cvtres.write.1.tlog
C:\cocos2d-2.1beta3-x-2.1.1\HumberPhysicsGame\proj.win32\Debug.win32\link.6132.read.1.tlog
C:\cocos2d-2.1beta3-x-2.1.1\HumberPhysicsGame\proj.win32\Debug.win32\link.6132.write.1.tlog
C:\cocos2d-2.1beta3-x-2.1.1\HumberPhysicsGame\proj.win32\Debug.win32\link.6132-cvtres.read.1.tlog
C:\cocos2d-2.1beta3-x-2.1.1\HumberPhysicsGame\proj.win32\Debug.win32\link.6132-cvtres.write.1.tlog
C:\cocos2d-2.1beta3-x-2.1.1\HumberPhysicsGame\proj.win32\Debug.win32\link.6136.read.1.tlog
C:\cocos2d-2.1beta3-x-2.1.1\HumberPhysicsGame\proj.win32\Debug.win32\link.6136.write.1.tlog
C:\cocos2d-2.1beta3-x-2.1.1\HumberPhysicsGame\proj.win32\Debug.win32\link.6136-cvtres.read.1.tlog
C:\cocos2d-2.1beta3-x-2.1.1\HumberPhysicsGame\proj.win32\Debug.win32\link.6136-cvtres.write.1.tlog
C:\cocos2d-2.1beta3-x-2.1.1\HumberPhysicsGame\proj.win32\Debug.win32\link.6600.read.1.tlog
C:\cocos2d-2.1beta3-x-2.1.1\HumberPhysicsGame\proj.win32\Debug.win32\link.6600.write.1.tlog
C:\cocos2d-2.1beta3-x-2.1.1\HumberPhysicsGame\proj.win32\Debug.win32\link.6600-cvtres.read.1.tlog
C:\cocos2d-2.1beta3-x-2.1.1\HumberPhysicsGame\proj.win32\Debug.win32\link.6600-cvtres.write.1.tlog
C:\cocos2d-2.1beta3-x-2.1.1\HumberPhysicsGame\proj.win32\Debug.win32\link.6732.read.1.tlog
C:\cocos2d-2.1beta3-x-2.1.1\HumberPhysicsGame\proj.win32\Debug.win32\link.6732.write.1.tlog
C:\cocos2d-2.1beta3-x-2.1.1\HumberPhysicsGame\proj.win32\Debug.win32\link.6732-cvtres.read.1.tlog
C:\cocos2d-2.1beta3-x-2.1.1\HumberPhysicsGame\proj.win32\Debug.win32\link.6732-cvtres.write.1.tlog
C:\cocos2d-2.1beta3-x-2.1.1\HumberPhysicsGame\proj.win32\Debug.win32\link.6924.read.1.tlog
C:\cocos2d-2.1beta3-x-2.1.1\HumberPhysicsGame\proj.win32\Debug.win32\link.6924.write.1.tlog
C:\cocos2d-2.1beta3-x-2.1.1\HumberPhysicsGame\proj.win32\Debug.win32\link.6924-cvtres.read.1.tlog
C:\cocos2d-2.1beta3-x-2.1.1\HumberPhysicsGame\proj.win32\Debug.win32\link.6924-cvtres.write.1.tlog
C:\cocos2d-2.1beta3-x-2.1.1\HumberPhysicsGame\proj.win32\Debug.win32\link.7148.read.1.tlog
C:\cocos2d-2.1beta3-x-2.1.1\HumberPhysicsGame\proj.win32\Debug.win32\link.7148.write.1.tlog
C:\cocos2d-2.1beta3-x-2.1.1\HumberPhysicsGame\proj.win32\Debug.win32\link.7148-cvtres.read.1.tlog
C:\cocos2d-2.1beta3-x-2.1.1\HumberPhysicsGame\proj.win32\Debug.win32\link.7148-cvtres.write.1.tlog
C:\cocos2d-2.1beta3-x-2.1.1\HumberPhysicsGame\proj.win32\Debug.win32\link.7196.read.1.tlog
C:\cocos2d-2.1beta3-x-2.1.1\HumberPhysicsGame\proj.win32\Debug.win32\link.7196.write.1.tlog
C:\cocos2d-2.1beta3-x-2.1.1\HumberPhysicsGame\proj.win32\Debug.win32\link.7196-cvtres.read.1.tlog
C:\cocos2d-2.1beta3-x-2.1.1\HumberPhysicsGame\proj.win32\Debug.win32\link.7196-cvtres.write.1.tlog
C:\cocos2d-2.1beta3-x-2.1.1\HumberPhysicsGame\proj.win32\Debug.win32\link.7260.read.1.tlog
C:\cocos2d-2.1beta3-x-2.1.1\HumberPhysicsGame\proj.win32\Debug.win32\link.7260.write.1.tlog
C:\cocos2d-2.1beta3-x-2.1.1\HumberPhysicsGame\proj.win32\Debug.win32\link.7260-cvtres.read.1.tlog
C:\cocos2d-2.1beta3-x-2.1.1\HumberPhysicsGame\proj.win32\Debug.win32\link.7260-cvtres.write.1.tlog
C:\cocos2d-2.1beta3-x-2.1.1\HumberPhysicsGame\proj.win32\Debug.win32\link.7344.read.1.tlog
C:\cocos2d-2.1beta3-x-2.1.1\HumberPhysicsGame\proj.win32\Debug.win32\link.7344.write.1.tlog
C:\cocos2d-2.1beta3-x-2.1.1\HumberPhysicsGame\proj.win32\Debug.win32\link.7344-cvtres.read.1.tlog
C:\cocos2d-2.1beta3-x-2.1.1\HumberPhysicsGame\proj.win32\Debug.win32\link.7344-cvtres.write.1.tlog
C:\cocos2d-2.1beta3-x-2.1.1\HumberPhysicsGame\proj.win32\Debug.win32\link.7524.read.1.tlog
C:\cocos2d-2.1beta3-x-2.1.1\HumberPhysicsGame\proj.win32\Debug.win32\link.7524.write.1.tlog
C:\cocos2d-2.1beta3-x-2.1.1\HumberPhysicsGame\proj.win32\Debug.win32\link.7524-cvtres.read.1.tlog
C:\cocos2d-2.1beta3-x-2.1.1\HumberPhysicsGame\proj.win32\Debug.win32\link.7524-cvtres.write.1.tlog
C:\cocos2d-2.1beta3-x-2.1.1\HumberPhysicsGame\proj.win32\Debug.win32\link.7660.read.1.tlog
C:\cocos2d-2.1beta3-x-2.1.1\HumberPhysicsGame\proj.win32\Debug.win32\link.7660.write.1.tlog
C:\cocos2d-2.1beta3-x-2.1.1\HumberPhysicsGame\proj.win32\Debug.win32\link.7660-cvtres.read.1.tlog
C:\cocos2d-2.1beta3-x-2.1.1\HumberPhysicsGame\proj.win32\Debug.win32\link.7660-cvtres.write.1.tlog
C:\cocos2d-2.1beta3-x-2.1.1\HumberPhysicsGame\proj.win32\Debug.win32\link.7740.read.1.tlog
C:\cocos2d-2.1beta3-x-2.1.1\HumberPhysicsGame\proj.win32\Debug.win32\link.7740.write.1.tlog
C:\cocos2d-2.1beta3-x-2.1.1\HumberPhysicsGame\proj.win32\Debug.win32\link.7740-cvtres.read.1.tlog
C:\cocos2d-2.1beta3-x-2.1.1\HumberPhysicsGame\proj.win32\Debug.win32\link.7740-cvtres.write.1.tlog
C:\cocos2d-2.1beta3-x-2.1.1\HumberPhysicsGame\proj.win32\Debug.win32\link.8224.read.1.tlog
C:\cocos2d-2.1beta3-x-2.1.1\HumberPhysicsGame\proj.win32\Debug.win32\link.8224.write.1.tlog
C:\cocos2d-2.1beta3-x-2.1.1\HumberPhysicsGame\proj.win32\Debug.win32\link.8224-cvtres.read.1.tlog
C:\cocos2d-2.1beta3-x-2.1.1\HumberPhysicsGame\proj.win32\Debug.win32\link.8224-cvtres.write.1.tlog
C:\cocos2d-2.1beta3-x-2.1.1\HumberPhysicsGame\proj.win32\Debug.win32\link.8232.read.1.tlog
C:\cocos2d-2.1beta3-x-2.1.1\HumberPhysicsGame\proj.win32\Debug.win32\link.8232.write.1.tlog
C:\cocos2d-2.1beta3-x-2.1.1\HumberPhysicsGame\proj.win32\Debug.win32\link.8232-cvtres.read.1.tlog
C:\cocos2d-2.1beta3-x-2.1.1\HumberPhysicsGame\proj.win32\Debug.win32\link.8232-cvtres.write.1.tlog
C:\cocos2d-2.1beta3-x-2.1.1\HumberPhysicsGame\proj.win32\Debug.win32\link.8288.read.1.tlog
C:\cocos2d-2.1beta3-x-2.1.1\HumberPhysicsGame\proj.win32\Debug.win32\link.8288.write.1.tlog
C:\cocos2d-2.1beta3-x-2.1.1\HumberPhysicsGame\proj.win32\Debug.win32\link.8288-cvtres.read.1.tlog
C:\cocos2d-2.1beta3-x-2.1.1\HumberPhysicsGame\proj.win32\Debug.win32\link.8288-cvtres.write.1.tlog
C:\cocos2d-2.1beta3-x-2.1.1\HumberPhysicsGame\proj.win32\Debug.win32\link.8324.read.1.tlog
C:\cocos2d-2.1beta3-x-2.1.1\HumberPhysicsGame\proj.win32\Debug.win32\link.8324.write.1.tlog
C:\cocos2d-2.1beta3-x-2.1.1\HumberPhysicsGame\proj.win32\Debug.win32\link.8324-cvtres.read.1.tlog
C:\cocos2d-2.1beta3-x-2.1.1\HumberPhysicsGame\proj.win32\Debug.win32\link.8324-cvtres.write.1.tlog
C:\cocos2d-2.1beta3-x-2.1.1\HumberPhysicsGame\proj.win32\Debug.win32\link.8428.read.1.tlog
C:\cocos2d-2.1beta3-x-2.1.1\HumberPhysicsGame\proj.win32\Debug.win32\link.8428.write.1.tlog
C:\cocos2d-2.1beta3-x-2.1.1\HumberPhysicsGame\proj.win32\Debug.win32\link.8428-cvtres.read.1.tlog
C:\cocos2d-2.1beta3-x-2.1.1\HumberPhysicsGame\proj.win32\Debug.win32\link.8428-cvtres.write.1.tlog
C:\cocos2d-2.1beta3-x-2.1.1\HumberPhysicsGame\proj.win32\Debug.win32\link.8432.read.1.tlog
C:\cocos2d-2.1beta3-x-2.1.1\HumberPhysicsGame\proj.win32\Debug.win32\link.8432.write.1.tlog
C:\cocos2d-2.1beta3-x-2.1.1\HumberPhysicsGame\proj.win32\Debug.win32\link.8432-cvtres.read.1.tlog
C:\cocos2d-2.1beta3-x-2.1.1\HumberPhysicsGame\proj.win32\Debug.win32\link.8432-cvtres.write.1.tlog
C:\cocos2d-2.1beta3-x-2.1.1\HumberPhysicsGame\proj.win32\Debug.win32\link.8580.read.1.tlog
C:\cocos2d-2.1beta3-x-2.1.1\HumberPhysicsGame\proj.win32\Debug.win32\link.8580.write.1.tlog
C:\cocos2d-2.1beta3-x-2.1.1\HumberPhysicsGame\proj.win32\Debug.win32\link.8580-cvtres.read.1.tlog
C:\cocos2d-2.1beta3-x-2.1.1\HumberPhysicsGame\proj.win32\Debug.win32\link.8580-cvtres.write.1.tlog
C:\cocos2d-2.1beta3-x-2.1.1\HumberPhysicsGame\proj.win32\Debug.win32\link.8664.read.1.tlog
C:\cocos2d-2.1beta3-x-2.1.1\HumberPhysicsGame\proj.win32\Debug.win32\link.8664.write.1.tlog
C:\cocos2d-2.1beta3-x-2.1.1\HumberPhysicsGame\proj.win32\Debug.win32\link.8664-cvtres.read.1.tlog
C:\cocos2d-2.1beta3-x-2.1.1\HumberPhysicsGame\proj.win32\Debug.win32\link.8664-cvtres.write.1.tlog
C:\cocos2d-2.1beta3-x-2.1.1\HumberPhysicsGame\proj.win32\Debug.win32\link.8852.read.1.tlog
C:\cocos2d-2.1beta3-x-2.1.1\HumberPhysicsGame\proj.win32\Debug.win32\link.8852.write.1.tlog
C:\cocos2d-2.1beta3-x-2.1.1\HumberPhysicsGame\proj.win32\Debug.win32\link.8852-cvtres.read.1.tlog
C:\cocos2d-2.1beta3-x-2.1.1\HumberPhysicsGame\proj.win32\Debug.win32\link.8852-cvtres.write.1.tlog
C:\cocos2d-2.1beta3-x-2.1.1\HumberPhysicsGame\proj.win32\Debug.win32\link.8904.read.1.tlog
C:\cocos2d-2.1beta3-x-2.1.1\HumberPhysicsGame\proj.win32\Debug.win32\link.8904.write.1.tlog
C:\cocos2d-2.1beta3-x-2.1.1\HumberPhysicsGame\proj.win32\Debug.win32\link.8904-cvtres.read.1.tlog
C:\cocos2d-2.1beta3-x-2.1.1\HumberPhysicsGame\proj.win32\Debug.win32\link.8904-cvtres.write.1.tlog
C:\cocos2d-2.1beta3-x-2.1.1\HumberPhysicsGame\proj.win32\Debug.win32\link.8908.read.1.tlog
C:\cocos2d-2.1beta3-x-2.1.1\HumberPhysicsGame\proj.win32\Debug.win32\link.8908.write.1.tlog
C:\cocos2d-2.1beta3-x-2.1.1\HumberPhysicsGame\proj.win32\Debug.win32\link.8908-cvtres.read.1.tlog
C:\cocos2d-2.1beta3-x-2.1.1\HumberPhysicsGame\proj.win32\Debug.win32\link.8908-cvtres.write.1.tlog
C:\cocos2d-2.1beta3-x-2.1.1\HumberPhysicsGame\proj.win32\Debug.win32\link.8956.read.1.tlog
C:\cocos2d-2.1beta3-x-2.1.1\HumberPhysicsGame\proj.win32\Debug.win32\link.8956.write.1.tlog
C:\cocos2d-2.1beta3-x-2.1.1\HumberPhysicsGame\proj.win32\Debug.win32\link.8956-cvtres.read.1.tlog
C:\cocos2d-2.1beta3-x-2.1.1\HumberPhysicsGame\proj.win32\Debug.win32\link.8956-cvtres.write.1.tlog
C:\cocos2d-2.1beta3-x-2.1.1\HumberPhysicsGame\proj.win32\Debug.win32\link.8984.read.1.tlog
C:\cocos2d-2.1beta3-x-2.1.1\HumberPhysicsGame\proj.win32\Debug.win32\link.8984.write.1.tlog
C:\cocos2d-2.1beta3-x-2.1.1\HumberPhysicsGame\proj.win32\Debug.win32\link.8984-cvtres.read.1.tlog
C:\cocos2d-2.1beta3-x-2.1.1\HumberPhysicsGame\proj.win32\Debug.win32\link.8984-cvtres.write.1.tlog
C:\cocos2d-2.1beta3-x-2.1.1\HumberPhysicsGame\proj.win32\Debug.win32\link.9132.read.1.tlog
C:\cocos2d-2.1beta3-x-2.1.1\HumberPhysicsGame\proj.win32\Debug.win32\link.9132.write.1.tlog
C:\cocos2d-2.1beta3-x-2.1.1\HumberPhysicsGame\proj.win32\Debug.win32\link.9132-cvtres.read.1.tlog
C:\cocos2d-2.1beta3-x-2.1.1\HumberPhysicsGame\proj.win32\Debug.win32\link.9132-cvtres.write.1.tlog
C:\cocos2d-2.1beta3-x-2.1.1\HumberPhysicsGame\proj.win32\Debug.win32\link.9168.read.1.tlog
C:\cocos2d-2.1beta3-x-2.1.1\HumberPhysicsGame\proj.win32\Debug.win32\link.9168.write.1.tlog
C:\cocos2d-2.1beta3-x-2.1.1\HumberPhysicsGame\proj.win32\Debug.win32\link.9168-cvtres.read.1.tlog
C:\cocos2d-2.1beta3-x-2.1.1\HumberPhysicsGame\proj.win32\Debug.win32\link.9168-cvtres.write.1.tlog
C:\cocos2d-2.1beta3-x-2.1.1\HumberPhysicsGame\proj.win32\Debug.win32\link.9196.read.1.tlog
C:\cocos2d-2.1beta3-x-2.1.1\HumberPhysicsGame\proj.win32\Debug.win32\link.9196.write.1.tlog
C:\cocos2d-2.1beta3-x-2.1.1\HumberPhysicsGame\proj.win32\Debug.win32\link.9196-cvtres.read.1.tlog
C:\cocos2d-2.1beta3-x-2.1.1\HumberPhysicsGame\proj.win32\Debug.win32\link.9196-cvtres.write.1.tlog
C:\cocos2d-2.1beta3-x-2.1.1\HumberPhysicsGame\proj.win32\Debug.win32\link.9232.read.1.tlog
C:\cocos2d-2.1beta3-x-2.1.1\HumberPhysicsGame\proj.win32\Debug.win32\link.9232.write.1.tlog
C:\cocos2d-2.1beta3-x-2.1.1\HumberPhysicsGame\proj.win32\Debug.win32\link.9232-cvtres.read.1.tlog
C:\cocos2d-2.1beta3-x-2.1.1\HumberPhysicsGame\proj.win32\Debug.win32\link.9232-cvtres.write.1.tlog
C:\cocos2d-2.1beta3-x-2.1.1\HumberPhysicsGame\proj.win32\Debug.win32\link.9236.read.1.tlog
C:\cocos2d-2.1beta3-x-2.1.1\HumberPhysicsGame\proj.win32\Debug.win32\link.9236.write.1.tlog
C:\cocos2d-2.1beta3-x-2.1.1\HumberPhysicsGame\proj.win32\Debug.win32\link.9236-cvtres.read.1.tlog
C:\cocos2d-2.1beta3-x-2.1.1\HumberPhysicsGame\proj.win32\Debug.win32\link.9236-cvtres.write.1.tlog
C:\cocos2d-2.1beta3-x-2.1.1\HumberPhysicsGame\proj.win32\Debug.win32\link.9248.read.1.tlog
C:\cocos2d-2.1beta3-x-2.1.1\HumberPhysicsGame\proj.win32\Debug.win32\link.9248.write.1.tlog
C:\cocos2d-2.1beta3-x-2.1.1\HumberPhysicsGame\proj.win32\Debug.win32\link.9248-cvtres.read.1.tlog
C:\cocos2d-2.1beta3-x-2.1.1\HumberPhysicsGame\proj.win32\Debug.win32\link.9248-cvtres.write.1.tlog
C:\cocos2d-2.1beta3-x-2.1.1\HumberPhysicsGame\proj.win32\Debug.win32\link.9272.read.1.tlog
C:\cocos2d-2.1beta3-x-2.1.1\HumberPhysicsGame\proj.win32\Debug.win32\link.9272.write.1.tlog
C:\cocos2d-2.1beta3-x-2.1.1\HumberPhysicsGame\proj.win32\Debug.win32\link.9272-cvtres.read.1.tlog
C:\cocos2d-2.1beta3-x-2.1.1\HumberPhysicsGame\proj.win32\Debug.win32\link.9272-cvtres.write.1.tlog
C:\cocos2d-2.1beta3-x-2.1.1\HumberPhysicsGame\proj.win32\Debug.win32\link.9368.read.1.tlog
C:\cocos2d-2.1beta3-x-2.1.1\HumberPhysicsGame\proj.win32\Debug.win32\link.9368.write.1.tlog
C:\cocos2d-2.1beta3-x-2.1.1\HumberPhysicsGame\proj.win32\Debug.win32\link.9368-cvtres.read.1.tlog
C:\cocos2d-2.1beta3-x-2.1.1\HumberPhysicsGame\proj.win32\Debug.win32\link.9368-cvtres.write.1.tlog
C:\cocos2d-2.1beta3-x-2.1.1\HumberPhysicsGame\proj.win32\Debug.win32\link.9472.read.1.tlog
C:\cocos2d-2.1beta3-x-2.1.1\HumberPhysicsGame\proj.win32\Debug.win32\link.9472.write.1.tlog
C:\cocos2d-2.1beta3-x-2.1.1\HumberPhysicsGame\proj.win32\Debug.win32\link.9472-cvtres.read.1.tlog
C:\cocos2d-2.1beta3-x-2.1.1\HumberPhysicsGame\proj.win32\Debug.win32\link.9472-cvtres.write.1.tlog
C:\cocos2d-2.1beta3-x-2.1.1\HumberPhysicsGame\proj.win32\Debug.win32\link.9568.read.1.tlog
C:\cocos2d-2.1beta3-x-2.1.1\HumberPhysicsGame\proj.win32\Debug.win32\link.9568.write.1.tlog
C:\cocos2d-2.1beta3-x-2.1.1\HumberPhysicsGame\proj.win32\Debug.win32\link.9568-cvtres.read.1.tlog
C:\cocos2d-2.1beta3-x-2.1.1\HumberPhysicsGame\proj.win32\Debug.win32\link.9568-cvtres.write.1.tlog
C:\cocos2d-2.1beta3-x-2.1.1\HumberPhysicsGame\proj.win32\Debug.win32\link.9616.read.1.tlog
C:\cocos2d-2.1beta3-x-2.1.1\HumberPhysicsGame\proj.win32\Debug.win32\link.9616.write.1.tlog
C:\cocos2d-2.1beta3-x-2.1.1\HumberPhysicsGame\proj.win32\Debug.win32\link.9616-cvtres.read.1.tlog
C:\cocos2d-2.1beta3-x-2.1.1\HumberPhysicsGame\proj.win32\Debug.win32\link.9616-cvtres.write.1.tlog
C:\cocos2d-2.1beta3-x-2.1.1\HumberPhysicsGame\proj.win32\Debug.win32\link.9788.read.1.tlog
C:\cocos2d-2.1beta3-x-2.1.1\HumberPhysicsGame\proj.win32\Debug.win32\link.9788.write.1.tlog
C:\cocos2d-2.1beta3-x-2.1.1\HumberPhysicsGame\proj.win32\Debug.win32\link.9788-cvtres.read.1.tlog
C:\cocos2d-2.1beta3-x-2.1.1\HumberPhysicsGame\proj.win32\Debug.win32\link.9788-cvtres.write.1.tlog
C:\cocos2d-2.1beta3-x-2.1.1\HumberPhysicsGame\proj.win32\Debug.win32\link.9844.read.1.tlog
C:\cocos2d-2.1beta3-x-2.1.1\HumberPhysicsGame\proj.win32\Debug.win32\link.9844.write.1.tlog
C:\cocos2d-2.1beta3-x-2.1.1\HumberPhysicsGame\proj.win32\Debug.win32\link.9844-cvtres.read.1.tlog
C:\cocos2d-2.1beta3-x-2.1.1\HumberPhysicsGame\proj.win32\Debug.win32\link.9844-cvtres.write.1.tlog
C:\cocos2d-2.1beta3-x-2.1.1\HumberPhysicsGame\proj.win32\Debug.win32\link.9896.read.1.tlog
C:\cocos2d-2.1beta3-x-2.1.1\HumberPhysicsGame\proj.win32\Debug.win32\link.9896.write.1.tlog
C:\cocos2d-2.1beta3-x-2.1.1\HumberPhysicsGame\proj.win32\Debug.win32\link.9896-cvtres.read.1.tlog
C:\cocos2d-2.1beta3-x-2.1.1\HumberPhysicsGame\proj.win32\Debug.win32\link.9896-cvtres.write.1.tlog
C:\cocos2d-2.1beta3-x-2.1.1\HumberPhysicsGame\proj.win32\Debug.win32\link.996.read.1.tlog
C:\cocos2d-2.1beta3-x-2.1.1\HumberPhysicsGame\proj.win32\Debug.win32\link.996.write.1.tlog
C:\cocos2d-2.1beta3-x-2.1.1\HumberPhysicsGame\proj.win32\Debug.win32\link.9960.read.1.tlog
C:\cocos2d-2.1beta3-x-2.1.1\HumberPhysicsGame\proj.win32\Debug.win32\link.9960.write.1.tlog
C:\cocos2d-2.1beta3-x-2.1.1\HumberPhysicsGame\proj.win32\Debug.win32\link.9960-cvtres.read.1.tlog
C:\cocos2d-2.1beta3-x-2.1.1\HumberPhysicsGame\proj.win32\Debug.win32\link.9960-cvtres.write.1.tlog
C:\cocos2d-2.1beta3-x-2.1.1\HumberPhysicsGame\proj.win32\Debug.win32\link.996-cvtres.read.1.tlog
C:\cocos2d-2.1beta3-x-2.1.1\HumberPhysicsGame\proj.win32\Debug.win32\link.996-cvtres.write.1.tlog
C:\cocos2d-2.1beta3-x-2.1.1\HumberPhysicsGame\proj.win32\Debug.win32\link.command.1.tlog
C:\cocos2d-2.1beta3-x-2.1.1\HumberPhysicsGame\proj.win32\Debug.win32\link.read.1.tlog
C:\cocos2d-2.1beta3-x-2.1.1\HumberPhysicsGame\proj.win32\Debug.win32\link.write.1.tlog
C:\cocos2d-2.1beta3-x-2.1.1\HumberPhysicsGame\proj.win32\Debug.win32\link-cvtres.read.1.tlog
C:\cocos2d-2.1beta3-x-2.1.1\HumberPhysicsGame\proj.win32\Debug.win32\link-cvtres.write.1.tlog
C:\COCOS2D-2.1BETA3-X-2.1.1\HUMBERPHYSICSGAME\PROJ.WIN32\DEBUG.WIN32\MAIN.OBJ
C:\cocos2d-2.1beta3-x-2.1.1\HumberPhysicsGame\proj.win32\Debug.win32\mt.command.1.tlog
C:\cocos2d-2.1beta3-x-2.1.1\HumberPhysicsGame\proj.win32\Debug.win32\mt.read.1.tlog
C:\cocos2d-2.1beta3-x-2.1.1\HumberPhysicsGame\proj.win32\Debug.win32\mt.write.1.tlog
C:\cocos2d-2.1beta3-x-2.1.1\HumberPhysicsGame\proj.win32\Debug.win32\particle.obj
C:\COCOS2D-2.1BETA3-X-2.1.1\HUMBERPHYSICSGAME\PROJ.WIN32\DEBUG.WIN32\PROJECTILE.OBJ
C:\cocos2d-2.1beta3-x-2.1.1\HumberPhysicsGame\proj.win32\Debug.win32\rc.command.1.tlog
C:\cocos2d-2.1beta3-x-2.1.1\HumberPhysicsGame\proj.win32\Debug.win32\rc.read.1.tlog
C:\cocos2d-2.1beta3-x-2.1.1\HumberPhysicsGame\proj.win32\Debug.win32\rc.write.1.tlog
C:\COCOS2D-2.1BETA3-X-2.1.1\HUMBERPHYSICSGAME\PROJ.WIN32\DEBUG.WIN32\SHIP.OBJ
C:\COCOS2D-2.1BETA3-X-2.1.1\HUMBERPHYSICSGAME\PROJ.WIN32\DEBUG.WIN32\STARTMENU.OBJ
C:\cocos2d-2.1beta3-x-2.1.1\HumberPhysicsGame\proj.win32\Debug.win32\vc100.idb
C:\COCOS2D-2.1BETA3-X-2.1.1\HUMBERPHYSICSGAME\PROJ.WIN32\DEBUG.WIN32\VC100.PDB
D:\COCOS2D-2.1BETA3-X-2.1.1\DEBUG.WIN32\HUMBERPHYSICSGAME.WIN32.EXE
D:\COCOS2D-2.1BETA3-X-2.1.1\DEBUG.WIN32\HUMBERPHYSICSGAME.WIN32.ILK
D:\COCOS2D-2.1BETA3-X-2.1.1\DEBUG.WIN32\HUMBERPHYSICSGAME.WIN32.PDB
D:\COCOS2D-2.1BETA3-X-2.1.1\HUMBERPHYSICSGAME\PROJ.WIN32\DEBUG.WIN32\APPDELEGATE.OBJ
D:\COCOS2D-2.1BETA3-X-2.1.1\HUMBERPHYSICSGAME\PROJ.WIN32\DEBUG.WIN32\B2DEBUGDRAW.OBJ
D:\COCOS2D-2.1BETA3-X-2.1.1\HUMBERPHYSICSGAME\PROJ.WIN32\DEBUG.WIN32\BOUYANCYCONTACTLISTENER.OBJ
D:\COCOS2D-2.1BETA3-X-2.1.1\HUMBERPHYSICSGAME\PROJ.WIN32\DEBUG.WIN32\CAMERA.OBJ
D:\COCOS2D-2.1BETA3-X-2.1.1\HUMBERPHYSICSGAME\PROJ.WIN32\DEBUG.WIN32\CONTACTLISTENER.OBJ
D:\COCOS2D-2.1BETA3-X-2.1.1\HUMBERPHYSICSGAME\PROJ.WIN32\DEBUG.WIN32\GAMEOBJECT.OBJ
D:\COCOS2D-2.1BETA3-X-2.1.1\HUMBERPHYSICSGAME\PROJ.WIN32\DEBUG.WIN32\GAMESCENE.OBJ
D:\COCOS2D-2.1BETA3-X-2.1.1\HUMBERPHYSICSGAME\PROJ.WIN32\DEBUG.WIN32\GAMEWORLD.OBJ
D:\COCOS2D-2.1BETA3-X-2.1.1\HUMBERPHYSICSGAME\PROJ.WIN32\DEBUG.WIN32\GB2SHAPECACHE-X.OBJ
D:\COCOS2D-2.1BETA3-X-2.1.1\HUMBERPHYSICSGAME\PROJ.WIN32\DEBUG.WIN32\GLASSBOX.OBJ
D:\COCOS2D-2.1BETA3-X-2.1.1\HUMBERPHYSICSGAME\PROJ.WIN32\DEBUG.WIN32\GLOBALS.OBJ
D:\COCOS2D-2.1BETA3-X-2.1.1\HUMBERPHYSICSGAME\PROJ.WIN32\DEBUG.WIN32\HUMBERPHYSICSGAME.RES
D:\COCOS2D-2.1BETA3-X-2.1.1\HUMBERPHYSICSGAME\PROJ.WIN32\DEBUG.WIN32\HUMBERPHYSICSGAME.WIN32.EXE.EMBED.MANIFEST
D:\COCOS2D-2.1BETA3-X-2.1.1\HUMBERPHYSICSGAME\PROJ.WIN32\DEBUG.WIN32\HUMBERPHYSICSGAME.WIN32.EXE.EMBED.MANIFEST.RES
D:\COCOS2D-2.1BETA3-X-2.1.1\HUMBERPHYSICSGAME\PROJ.WIN32\DEBUG.WIN32\HUMBERPHYSICSGAME.WIN32.EXE.INTERMEDIATE.MANIFEST
D:\COCOS2D-2.1BETA3-X-2.1.1\HUMBERPHYSICSGAME\PROJ.WIN32\DEBUG.WIN32\MAIN.OBJ
D:\COCOS2D-2.1BETA3-X-2.1.1\HUMBERPHYSICSGAME\PROJ.WIN32\DEBUG.WIN32\PROJECTILE.OBJ
D:\COCOS2D-2.1BETA3-X-2.1.1\HUMBERPHYSICSGAME\PROJ.WIN32\DEBUG.WIN32\SHIP.OBJ
D:\COCOS2D-2.1BETA3-X-2.1.1\HUMBERPHYSICSGAME\PROJ.WIN32\DEBUG.WIN32\STARTMENU.OBJ
D:\COCOS2D-2.1BETA3-X-2.1.1\HUMBERPHYSICSGAME\PROJ.WIN32\DEBUG.WIN32\VC100.PDB
H:\COCOS2D-2.1BETA3-X-2.1.1\DEBUG.WIN32\HUMBERPHYSICSGAME.WIN32.EXE
H:\COCOS2D-2.1BETA3-X-2.1.1\DEBUG.WIN32\HUMBERPHYSICSGAME.WIN32.ILK
H:\COCOS2D-2.1BETA3-X-2.1.1\DEBUG.WIN32\HUMBERPHYSICSGAME.WIN32.PDB
H:\USERS\GREGORY LORD\DESKTOP\GITHUB\HUMBERPHYSICSGAME\PROJ.WIN32\DEBUG.WIN32\APPDELEGATE.OBJ
H:\USERS\GREGORY LORD\DESKTOP\GITHUB\HUMBERPHYSICSGAME\PROJ.WIN32\DEBUG.WIN32\B2DEBUGDRAW.OBJ
H:\USERS\GREGORY LORD\DESKTOP\GITHUB\HUMBERPHYSICSGAME\PROJ.WIN32\DEBUG.WIN32\BOUYANCYCONTACTLISTENER.OBJ
H:\USERS\GREGORY LORD\DESKTOP\GITHUB\HUMBERPHYSICSGAME\PROJ.WIN32\DEBUG.WIN32\CAMERA.OBJ
H:\USERS\GREGORY LORD\DESKTOP\GITHUB\HUMBERPHYSICSGAME\PROJ.WIN32\DEBUG.WIN32\GAMEOBJECT.OBJ
H:\USERS\GREGORY LORD\DESKTOP\GITHUB\HUMBERPHYSICSGAME\PROJ.WIN32\DEBUG.WIN32\GAMESCENE.OBJ
H:\USERS\GREGORY LORD\DESKTOP\GITHUB\HUMBERPHYSICSGAME\PROJ.WIN32\DEBUG.WIN32\GAMEWORLD.OBJ
H:\USERS\GREGORY LORD\DESKTOP\GITHUB\HUMBERPHYSICSGAME\PROJ.WIN32\DEBUG.WIN32\GB2SHAPECACHE-X.OBJ
H:\USERS\GREGORY LORD\DESKTOP\GITHUB\HUMBERPHYSICSGAME\PROJ.WIN32\DEBUG.WIN32\GLASSBOX.OBJ
H:\USERS\GREGORY LORD\DESKTOP\GITHUB\HUMBERPHYSICSGAME\PROJ.WIN32\DEBUG.WIN32\GLOBALS.OBJ
H:\USERS\GREGORY LORD\DESKTOP\GITHUB\HUMBERPHYSICSGAME\PROJ.WIN32\DEBUG.WIN32\HUMBERPHYSICSGAME.RES
H:\USERS\GREGORY LORD\DESKTOP\GITHUB\HUMBERPHYSICSGAME\PROJ.WIN32\DEBUG.WIN32\HUMBERPHYSICSGAME.WIN32.EXE.EMBED.MANIFEST
H:\USERS\GREGORY LORD\DESKTOP\GITHUB\HUMBERPHYSICSGAME\PROJ.WIN32\DEBUG.WIN32\HUMBERPHYSICSGAME.WIN32.EXE.EMBED.MANIFEST.RES
H:\USERS\GREGORY LORD\DESKTOP\GITHUB\HUMBERPHYSICSGAME\PROJ.WIN32\DEBUG.WIN32\HUMBERPHYSICSGAME.WIN32.EXE.INTERMEDIATE.MANIFEST
H:\USERS\GREGORY LORD\DESKTOP\GITHUB\HUMBERPHYSICSGAME\PROJ.WIN32\DEBUG.WIN32\MAIN.OBJ
H:\USERS\GREGORY LORD\DESKTOP\GITHUB\HUMBERPHYSICSGAME\PROJ.WIN32\DEBUG.WIN32\PROJECTILE.OBJ
H:\USERS\GREGORY LORD\DESKTOP\GITHUB\HUMBERPHYSICSGAME\PROJ.WIN32\DEBUG.WIN32\SHIP.OBJ
H:\USERS\GREGORY LORD\DESKTOP\GITHUB\HUMBERPHYSICSGAME\PROJ.WIN32\DEBUG.WIN32\STARTMENU.OBJ
H:\USERS\GREGORY LORD\DESKTOP\GITHUB\HUMBERPHYSICSGAME\PROJ.WIN32\DEBUG.WIN32\VC100.PDB
