C:\COCOS2D-2.1BETA3-X-2.1.1\HUMBERPHYSICSGAME\PROJ.WIN32\RELEASE.WIN32\APPDELEGATE.OBJ
C:\COCOS2D-2.1BETA3-X-2.1.1\HUMBERPHYSICSGAME\PROJ.WIN32\RELEASE.WIN32\B2DEBUGDRAW.OBJ
C:\COCOS2D-2.1BETA3-X-2.1.1\HUMBERPHYSICSGAME\PROJ.WIN32\RELEASE.WIN32\BOUYANCYCONTACTLISTENER.OBJ
C:\cocos2d-2.1beta3-x-2.1.1\HumberPhysicsGame\proj.win32\Release.win32\cl.command.1.tlog
C:\cocos2d-2.1beta3-x-2.1.1\HumberPhysicsGame\proj.win32\Release.win32\CL.read.1.tlog
C:\cocos2d-2.1beta3-x-2.1.1\HumberPhysicsGame\proj.win32\Release.win32\CL.write.1.tlog
C:\COCOS2D-2.1BETA3-X-2.1.1\HUMBERPHYSICSGAME\PROJ.WIN32\RELEASE.WIN32\HELLOWORLDSCENE.OBJ
C:\COCOS2D-2.1BETA3-X-2.1.1\HUMBERPHYSICSGAME\PROJ.WIN32\RELEASE.WIN32\HUMBERPHYSICSGAME.RES
C:\cocos2d-2.1beta3-x-2.1.1\HumberPhysicsGame\proj.win32\Release.win32\HumberPhysicsGame.win32.exe.intermediate.manifest
C:\cocos2d-2.1beta3-x-2.1.1\HumberPhysicsGame\proj.win32\Release.win32\HumberPhysicsGame.win32.vcxprojResolveAssemblyReference.cache
C:\cocos2d-2.1beta3-x-2.1.1\HumberPhysicsGame\proj.win32\Release.win32\HumberPhysicsGame.win32.write.1.tlog
C:\cocos2d-2.1beta3-x-2.1.1\HumberPhysicsGame\proj.win32\Release.win32\link.command.1.tlog
C:\cocos2d-2.1beta3-x-2.1.1\HumberPhysicsGame\proj.win32\Release.win32\link.read.1.tlog
C:\cocos2d-2.1beta3-x-2.1.1\HumberPhysicsGame\proj.win32\Release.win32\link.write.1.tlog
C:\cocos2d-2.1beta3-x-2.1.1\HumberPhysicsGame\proj.win32\Release.win32\link-cvtres.read.1.tlog
C:\cocos2d-2.1beta3-x-2.1.1\HumberPhysicsGame\proj.win32\Release.win32\link-cvtres.write.1.tlog
C:\COCOS2D-2.1BETA3-X-2.1.1\HUMBERPHYSICSGAME\PROJ.WIN32\RELEASE.WIN32\MAIN.OBJ
C:\cocos2d-2.1beta3-x-2.1.1\HumberPhysicsGame\proj.win32\Release.win32\mt.command.1.tlog
C:\cocos2d-2.1beta3-x-2.1.1\HumberPhysicsGame\proj.win32\Release.win32\mt.read.1.tlog
C:\cocos2d-2.1beta3-x-2.1.1\HumberPhysicsGame\proj.win32\Release.win32\mt.write.1.tlog
C:\cocos2d-2.1beta3-x-2.1.1\HumberPhysicsGame\proj.win32\Release.win32\rc.command.1.tlog
C:\cocos2d-2.1beta3-x-2.1.1\HumberPhysicsGame\proj.win32\Release.win32\rc.read.1.tlog
C:\cocos2d-2.1beta3-x-2.1.1\HumberPhysicsGame\proj.win32\Release.win32\rc.write.1.tlog
